2023-03-01 16:04:16,484:INFO:PyCaret Supervised Module
2023-03-01 16:04:16,486:INFO:ML Usecase: regression
2023-03-01 16:04:16,486:INFO:version 2.3.10
2023-03-01 16:04:16,486:INFO:Initializing setup()
2023-03-01 16:04:16,486:INFO:setup(target= niwa-solub, ml_usecase=regression, available_plots={'parameter': 'Hyperparameters', 'residuals': 'Residuals', 'error': 'Prediction Error', 'cooks': 'Cooks Distance', 'rfe': 'Feature Selection', 'learning': 'Learning Curve', 'manifold': 'Manifold Learning', 'vc': 'Validation Curve', 'feature': 'Feature Importance', 'feature_all': 'Feature Importance (All)', 'tree': 'Decision Tree', 'residuals_interactive': 'Interactive Residuals'}, train_size=0.7, test_data=None, preprocess=True, imputation_type=simple, iterative_imputation_iters=5, categorical_features=None, categorical_imputation=constant, categorical_iterative_imputer=lightgbm, ordinal_features=None, high_cardinality_features=None, high_cardinality_method=frequency, numeric_features=None, numeric_imputation=mean, numeric_iterative_imputer=lightgbm, date_features=None, ignore_features=None, normalize=False, normalize_method=zscore, transformation=False, transformation_method=yeo-johnson, handle_unknown_categorical=True, unknown_categorical_method=least_frequent, pca=False, pca_method=linear, pca_components=None, ignore_low_variance=False, combine_rare_levels=False, rare_level_threshold=0.1, bin_numeric_features=None, remove_outliers=False, outliers_threshold=0.05, remove_multicollinearity=False, multicollinearity_threshold=0.9, remove_perfect_collinearity=True, create_clusters=False, cluster_iter=20, polynomial_features=False, polynomial_degree=2, trigonometry_features=False, polynomial_threshold=0.1, group_features=None, group_names=None, feature_selection=False, feature_selection_threshold=0.8, feature_selection_method=classic, feature_interaction=False, feature_ratio=False, interaction_threshold=0.01, fix_imbalance=False, fix_imbalance_method=None, transform_target=False, transform_target_method=box-cox, data_split_shuffle=True, data_split_stratify=False, fold_strategy=kfold, fold=10, fold_shuffle=False, fold_groups=None, n_jobs=-1, use_gpu=False, custom_pipeline=None, html=True, session_id=None, log_experiment=False, experiment_name=None, experiment_custom_tags=None, log_plots=False, log_profile=False, log_data=False, silent=False, verbose=True, profile=False, profile_kwargs=None, display=None)
2023-03-01 16:04:16,492:INFO:Checking environment
2023-03-01 16:04:16,492:INFO:python_version: 3.8.16
2023-03-01 16:04:16,493:INFO:python_build: ('default', 'Feb  1 2023 15:53:35')
2023-03-01 16:04:16,493:INFO:machine: AMD64
2023-03-01 16:04:16,493:INFO:platform: Windows-10-10.0.22621-SP0
2023-03-01 16:04:16,498:INFO:Memory: svmem(total=17033850880, available=5373984768, percent=68.5, used=11659866112, free=5373984768)
2023-03-01 16:04:16,500:INFO:Physical Core: 8
2023-03-01 16:04:16,500:INFO:Logical Core: 16
2023-03-01 16:04:16,500:INFO:Checking libraries
2023-03-01 16:04:16,500:INFO:pd==1.4.4
2023-03-01 16:04:16,500:INFO:numpy==1.19.5
2023-03-01 16:04:16,500:INFO:sklearn==0.23.2
2023-03-01 16:04:16,500:INFO:lightgbm==3.3.5
2023-03-01 16:04:16,501:WARNING:catboost not found
2023-03-01 16:04:16,502:WARNING:xgboost not found
2023-03-01 16:04:16,502:INFO:mlflow==2.1.1
2023-03-01 16:04:16,502:INFO:Checking Exceptions
2023-03-01 16:04:16,502:INFO:Declaring global variables
2023-03-01 16:04:16,502:INFO:USI: dbb2
2023-03-01 16:04:16,502:INFO:pycaret_globals: {'y', 'master_model_container', '_available_plots', '_ml_usecase', 'pycaret_globals', '_internal_pipeline', 'imputation_regressor', 'log_plots_param', 'USI', 'html_param', 'data_before_preprocess', 'logging_param', 'y_test', '_all_models_internal', 'experiment__', '_gpu_n_jobs_param', 'target_param', 'fold_param', 'transform_target_param', 'fold_generator', 'fold_groups_param_full', 'fix_imbalance_param', 'prep_pipe', 'fold_groups_param', 'exp_name_log', 'dashboard_logger', 'create_model_container', 'X_train', 'transform_target_method_param', 'X_test', 'fold_shuffle_param', 'y_train', 'imputation_classifier', 'gpu_param', 'seed', 'X', '_all_models', 'fix_imbalance_method_param', 'n_jobs_param', 'display_container', 'iterative_imputation_iters_param', 'stratify_param', '_all_metrics'}
2023-03-01 16:04:16,502:INFO:Preparing display monitor
2023-03-01 16:04:16,502:INFO:Preparing display monitor
2023-03-01 16:04:16,510:INFO:Importing libraries
2023-03-01 16:04:16,510:INFO:Copying data for preprocessing
2023-03-01 16:04:16,517:INFO:Declaring preprocessing parameters
2023-03-01 16:04:16,518:INFO:Creating preprocessing pipeline
2023-03-01 16:04:16,534:INFO:Preprocessing pipeline created successfully
2023-03-01 16:04:16,535:ERROR:(Process Exit): setup has been interupted with user command 'quit'. setup must rerun.
2023-03-01 16:04:16,535:INFO:Creating global containers
2023-03-01 16:04:16,537:INFO:Internal pipeline: Pipeline(memory=None, steps=[('empty_step', 'passthrough')], verbose=False)
2023-03-01 16:04:30,435:WARNING:Couldn't import xgboost.XGBRegressor
2023-03-01 16:04:30,435:WARNING:Couldn't import catboost.CatBoostRegressor
2023-03-01 16:04:30,530:WARNING:Couldn't import xgboost.XGBRegressor
2023-03-01 16:04:30,531:WARNING:Couldn't import catboost.CatBoostRegressor
2023-03-01 16:04:30,531:INFO:Creating grid variables
2023-03-01 16:04:30,543:INFO:create_model_container: 0
2023-03-01 16:04:30,544:INFO:master_model_container: 0
2023-03-01 16:04:30,545:INFO:display_container: 1
2023-03-01 16:04:30,550:INFO:Pipeline(memory=None,
         steps=[('dtypes',
                 DataTypes_Auto_infer(categorical_features=[],
                                      display_types=True, features_todrop=[],
                                      id_columns=[], ml_usecase='regression',
                                      numerical_features=[],
                                      target=' niwa-solub', time_features=[])),
                ('imputer',
                 Simple_Imputer(categorical_strategy='not_available',
                                fill_value_categorical=None,
                                fill_value_numerical=None,
                                numeric_strat...
                ('scaling', 'passthrough'), ('P_transform', 'passthrough'),
                ('binn', 'passthrough'), ('rem_outliers', 'passthrough'),
                ('cluster_all', 'passthrough'),
                ('dummy', Dummify(target=' niwa-solub')),
                ('fix_perfect', Remove_100(target=' niwa-solub')),
                ('clean_names', Clean_Colum_Names()),
                ('feature_select', 'passthrough'), ('fix_multi', 'passthrough'),
                ('dfs', 'passthrough'), ('pca', 'passthrough')],
         verbose=False)
2023-03-01 16:04:30,550:INFO:setup() succesfully completed......................................
2023-03-01 16:05:14,954:INFO:Initializing create_model()
2023-03-01 16:05:14,954:INFO:create_model(estimator=lr, fold=None, round=4, cross_validation=True, predict=True, fit_kwargs=None, groups=None, refit=True, verbose=True, system=True, metrics=None, experiment_custom_tags=None, add_to_model_list=True, probability_threshold=None, display=None, return_train_score=False, kwargs={})
2023-03-01 16:05:14,955:INFO:Checking exceptions
2023-03-01 16:05:14,955:INFO:Preparing display monitor
2023-03-01 16:05:14,975:INFO:Importing libraries
2023-03-01 16:05:14,975:INFO:Copying training dataset
2023-03-01 16:05:14,976:INFO:Defining folds
2023-03-01 16:05:14,976:INFO:Declaring metric variables
2023-03-01 16:05:14,985:INFO:Importing untrained model
2023-03-01 16:05:14,994:INFO:Linear Regression Imported succesfully
2023-03-01 16:05:15,012:INFO:Starting cross validation
2023-03-01 16:05:15,021:INFO:Cross validating with KFold(n_splits=10, random_state=None, shuffle=False), n_jobs=-1
2023-03-01 16:05:20,527:INFO:Calculating mean and std
2023-03-01 16:05:20,528:INFO:Creating metrics dataframe
2023-03-01 16:05:20,545:INFO:Finalizing model
2023-03-01 16:05:20,553:INFO:Uploading results into container
2023-03-01 16:05:20,554:INFO:Uploading model into container now
2023-03-01 16:05:20,570:INFO:create_model_container: 1
2023-03-01 16:05:20,570:INFO:master_model_container: 1
2023-03-01 16:05:20,570:INFO:display_container: 2
2023-03-01 16:05:20,571:INFO:LinearRegression(copy_X=True, fit_intercept=True, n_jobs=-1, normalize=False)
2023-03-01 16:05:20,571:INFO:create_model() succesfully completed......................................
2023-03-01 16:05:20,707:INFO:Initializing tune_model()
2023-03-01 16:05:20,707:INFO:tune_model(estimator=LinearRegression(copy_X=True, fit_intercept=True, n_jobs=-1, normalize=False), fold=None, round=4, n_iter=500, custom_grid=None, optimize=R2, custom_scorer=None, search_library=scikit-learn, search_algorithm=None, early_stopping=False, early_stopping_max_iters=10, choose_better=False, fit_kwargs=None, groups=None, return_tuner=False, verbose=True, tuner_verbose=True, display=None, return_train_score=False, kwargs={})
2023-03-01 16:05:20,707:INFO:Checking exceptions
2023-03-01 16:05:20,707:INFO:Preparing display monitor
2023-03-01 16:05:20,721:INFO:Copying training dataset
2023-03-01 16:05:20,721:INFO:Checking base model
2023-03-01 16:05:20,722:INFO:Base model : Linear Regression
2023-03-01 16:05:20,730:INFO:Declaring metric variables
2023-03-01 16:05:20,738:INFO:Defining Hyperparameters
2023-03-01 16:05:20,738:INFO:500 is bigger than total combinations 4, setting search algorithm to grid
2023-03-01 16:05:20,832:INFO:Tuning with n_jobs=-1
2023-03-01 16:05:20,832:INFO:Initializing GridSearchCV
2023-03-01 16:05:23,672:INFO:best_params: {'actual_estimator__fit_intercept': True, 'actual_estimator__normalize': True}
2023-03-01 16:05:23,673:INFO:Hyperparameter search completed
2023-03-01 16:05:23,673:INFO:SubProcess create_model() called ==================================
2023-03-01 16:05:23,673:INFO:Initializing create_model()
2023-03-01 16:05:23,673:INFO:create_model(estimator=LinearRegression(copy_X=True, fit_intercept=True, n_jobs=-1, normalize=False), fold=KFold(n_splits=10, random_state=None, shuffle=False), round=4, cross_validation=True, predict=True, fit_kwargs={}, groups=None, refit=True, verbose=True, system=False, metrics=None, experiment_custom_tags=None, add_to_model_list=True, probability_threshold=None, display=<pycaret.internal.Display.Display object at 0x0000023B131D6640>, return_train_score=False, kwargs={'fit_intercept': True, 'normalize': True})
2023-03-01 16:05:23,673:INFO:Checking exceptions
2023-03-01 16:05:23,674:INFO:Importing libraries
2023-03-01 16:05:23,674:INFO:Copying training dataset
2023-03-01 16:05:23,675:INFO:Defining folds
2023-03-01 16:05:23,675:INFO:Declaring metric variables
2023-03-01 16:05:23,688:INFO:Importing untrained model
2023-03-01 16:05:23,688:INFO:Declaring custom model
2023-03-01 16:05:23,703:INFO:Linear Regression Imported succesfully
2023-03-01 16:05:23,728:INFO:Starting cross validation
2023-03-01 16:05:23,729:INFO:Cross validating with KFold(n_splits=10, random_state=None, shuffle=False), n_jobs=-1
2023-03-01 16:05:23,774:INFO:Calculating mean and std
2023-03-01 16:05:23,775:INFO:Creating metrics dataframe
2023-03-01 16:05:23,784:INFO:Finalizing model
2023-03-01 16:05:23,789:INFO:Uploading results into container
2023-03-01 16:05:23,790:INFO:Uploading model into container now
2023-03-01 16:05:23,790:INFO:create_model_container: 2
2023-03-01 16:05:23,790:INFO:master_model_container: 2
2023-03-01 16:05:23,790:INFO:display_container: 3
2023-03-01 16:05:23,790:INFO:LinearRegression(copy_X=True, fit_intercept=True, n_jobs=-1, normalize=True)
2023-03-01 16:05:23,790:INFO:create_model() succesfully completed......................................
2023-03-01 16:05:23,886:INFO:SubProcess create_model() end ==================================
2023-03-01 16:05:23,893:INFO:create_model_container: 2
2023-03-01 16:05:23,893:INFO:master_model_container: 2
2023-03-01 16:05:23,893:INFO:display_container: 3
2023-03-01 16:05:23,894:INFO:LinearRegression(copy_X=True, fit_intercept=True, n_jobs=-1, normalize=True)
2023-03-01 16:05:23,894:INFO:tune_model() succesfully completed......................................
2023-03-01 16:05:52,594:INFO:Initializing get_config()
2023-03-01 16:05:52,594:INFO:get_config(variable=X_train)
2023-03-01 16:05:52,606:INFO:Global variable: X_train returned as          K-R   D-E    naa          A     C     D      E     F     G     H  \
P13445 -6.67 -5.45  330.0   7.270000  0.00  6.97  12.42  2.73  5.76  1.21   
P13029 -0.83  1.52  726.0  10.610000  0.14  7.58   6.06  4.96  8.95  1.79   
P23839 -4.18 -9.06  287.0   9.410000  0.35  4.18  13.24  1.74  3.48  0.70   
P0A7T3 -6.10 -1.22   82.0  13.410000  0.00  4.88   6.10  4.88  7.32  2.44   
P0A7L3 -1.69  1.69  118.0  18.639999  0.00  3.39   1.69  4.24  5.08  0.85   
...      ...   ...    ...        ...   ...   ...    ...   ...   ...   ...   
Q57261 -2.58 -2.87  349.0  11.460000  1.15  5.16   8.02  4.58  7.45  1.72   
P0A9Q5 -0.33 -4.61  304.0  10.200000  1.97  3.95   8.55  3.29  7.24  0.99   
P0A7M9  4.29  4.29   70.0   2.860000  5.71  7.14   2.86  5.71  8.57  4.29   
P0AEI1 -3.16 -1.48  474.0   5.910000  1.27  6.96   8.44  3.80  6.75  1.90   
P0A850  2.08 -7.87  432.0   9.490000  0.00  5.79  13.66  3.94  7.41  0.46   

        ...  K+R-D-E    K+R+D+E  F+W+Y     pI  KyteDoo  abs-charge  FoldIndex  \
P13445  ...    -5.45  33.330002   5.76   4.86    0.441       0.055      0.023   
P13029  ...    -3.17  24.100000  10.06   5.16    0.459       0.032      0.095   
P23839  ...    -3.48  31.360001   5.23   5.05    0.451       0.035      0.070   
P0A7T3  ...     7.32  29.270000   7.32  11.05    0.463       0.073      0.066   
P0A7L3  ...    20.34  30.510000  10.17  11.64    0.463       0.203     -0.066   
...     ...      ...        ...    ...    ...      ...         ...        ...   
Q57261  ...    -0.86  25.500000   8.60   6.41    0.470       0.009      0.150   
P0A9Q5  ...     0.33  25.330000   5.26   8.98    0.486       0.003      0.198   
P0A7M9  ...     8.57  28.570000   7.14  10.64    0.428       0.086     -0.045   
P0AEI1  ...    -3.38  27.430000   7.59   5.23    0.458       0.034      0.091   
P0A850  ...    -5.32  33.560001   6.02   4.81    0.452       0.053      0.056   

        disorder  entropy  betapropensity  
P13445    -0.114    3.946           0.978  
P13029    -0.052    4.106           0.955  
P23839    -0.146    3.972           0.996  
P0A7T3    -0.111    3.955           1.016  
P0A7L3    -0.165    3.682           1.033  
...          ...      ...             ...  
Q57261    -0.104    4.067           0.987  
P0A9Q5    -0.078    4.069           0.965  
P0A7M9    -0.024    4.080           1.004  
P0AEI1    -0.079    4.156           1.009  
P0A850    -0.110    3.942           0.992  

[225 rows x 35 columns]
2023-03-01 16:05:52,607:INFO:get_config() succesfully completed......................................
2023-03-01 16:05:59,230:INFO:Initializing get_config()
2023-03-01 16:05:59,231:INFO:get_config(variable=X_train)
2023-03-01 16:05:59,245:INFO:Global variable: X_train returned as          K-R   D-E    naa          A     C     D      E     F     G     H  \
P13445 -6.67 -5.45  330.0   7.270000  0.00  6.97  12.42  2.73  5.76  1.21   
P13029 -0.83  1.52  726.0  10.610000  0.14  7.58   6.06  4.96  8.95  1.79   
P23839 -4.18 -9.06  287.0   9.410000  0.35  4.18  13.24  1.74  3.48  0.70   
P0A7T3 -6.10 -1.22   82.0  13.410000  0.00  4.88   6.10  4.88  7.32  2.44   
P0A7L3 -1.69  1.69  118.0  18.639999  0.00  3.39   1.69  4.24  5.08  0.85   
...      ...   ...    ...        ...   ...   ...    ...   ...   ...   ...   
Q57261 -2.58 -2.87  349.0  11.460000  1.15  5.16   8.02  4.58  7.45  1.72   
P0A9Q5 -0.33 -4.61  304.0  10.200000  1.97  3.95   8.55  3.29  7.24  0.99   
P0A7M9  4.29  4.29   70.0   2.860000  5.71  7.14   2.86  5.71  8.57  4.29   
P0AEI1 -3.16 -1.48  474.0   5.910000  1.27  6.96   8.44  3.80  6.75  1.90   
P0A850  2.08 -7.87  432.0   9.490000  0.00  5.79  13.66  3.94  7.41  0.46   

        ...  K+R-D-E    K+R+D+E  F+W+Y     pI  KyteDoo  abs-charge  FoldIndex  \
P13445  ...    -5.45  33.330002   5.76   4.86    0.441       0.055      0.023   
P13029  ...    -3.17  24.100000  10.06   5.16    0.459       0.032      0.095   
P23839  ...    -3.48  31.360001   5.23   5.05    0.451       0.035      0.070   
P0A7T3  ...     7.32  29.270000   7.32  11.05    0.463       0.073      0.066   
P0A7L3  ...    20.34  30.510000  10.17  11.64    0.463       0.203     -0.066   
...     ...      ...        ...    ...    ...      ...         ...        ...   
Q57261  ...    -0.86  25.500000   8.60   6.41    0.470       0.009      0.150   
P0A9Q5  ...     0.33  25.330000   5.26   8.98    0.486       0.003      0.198   
P0A7M9  ...     8.57  28.570000   7.14  10.64    0.428       0.086     -0.045   
P0AEI1  ...    -3.38  27.430000   7.59   5.23    0.458       0.034      0.091   
P0A850  ...    -5.32  33.560001   6.02   4.81    0.452       0.053      0.056   

        disorder  entropy  betapropensity  
P13445    -0.114    3.946           0.978  
P13029    -0.052    4.106           0.955  
P23839    -0.146    3.972           0.996  
P0A7T3    -0.111    3.955           1.016  
P0A7L3    -0.165    3.682           1.033  
...          ...      ...             ...  
Q57261    -0.104    4.067           0.987  
P0A9Q5    -0.078    4.069           0.965  
P0A7M9    -0.024    4.080           1.004  
P0AEI1    -0.079    4.156           1.009  
P0A850    -0.110    3.942           0.992  

[225 rows x 35 columns]
2023-03-01 16:05:59,245:INFO:get_config() succesfully completed......................................
2023-03-01 16:06:37,010:INFO:Initializing predict_model()
2023-03-01 16:06:37,010:INFO:predict_model(estimator=LinearRegression(copy_X=True, fit_intercept=True, n_jobs=-1, normalize=True), probability_threshold=None, encoded_labels=True, drift_report=False, raw_score=False, round=4, verbose=True, ml_usecase=MLUsecase.REGRESSION, display=None, drift_kwargs=None)
2023-03-01 16:06:37,011:INFO:Checking exceptions
2023-03-01 16:06:37,011:INFO:Preloading libraries
2023-03-01 16:06:37,011:INFO:Preparing display monitor
